2025-08-22 07:24:03 | INFO | app.main | Starting AI Agent Prospecting Platform...
2025-08-22 07:24:03 | INFO | app.main | Database initialized
2025-08-22 07:27:22 | INFO | app.main | Starting AI Agent Prospecting Platform...
2025-08-22 07:27:22 | INFO | app.main | Database initialized
2025-08-22 07:27:34 | INFO | app.api.v1.endpoints.prospecting | Created campaign 2: Test Permissions
2025-08-22 07:28:50 | INFO | app.services.crewai_service | Campaign 2 started successfully
2025-08-22 07:28:50 | INFO | app.services.crewai_service | Starting background execution for campaign 2
2025-08-22 07:36:35 | INFO | app.main | Starting AI Agent Prospecting Platform...
2025-08-22 07:36:35 | INFO | app.main | Database initialized
2025-08-22 07:39:37 | INFO | app.main | Shutting down...
2025-08-22 07:39:46 | INFO | app.main | Starting AI Agent Prospecting Platform...
2025-08-22 07:39:46 | INFO | app.main | Database initialized
2025-08-22 07:57:23 | INFO | app.main | Shutting down...
2025-08-22 07:58:26 | INFO | app.main | Starting AI Agent Prospecting Platform...
2025-08-22 07:58:26 | INFO | app.main | Database initialized
2025-08-22 08:43:13 | INFO | app.main | Starting AI Agent Prospecting Platform...
2025-08-22 08:43:13 | INFO | app.main | Database initialized
2025-08-22 08:44:30 | INFO | app.api.v1.endpoints.prospecting | Created campaign 3: Campagne Digitalisation
2025-08-22 08:51:57 | INFO | app.main | Shutting down...
2025-08-22 08:52:00 | INFO | app.main | Starting AI Agent Prospecting Platform...
2025-08-22 08:52:00 | INFO | app.main | Database initialized
2025-08-22 08:52:05 | INFO | app.main | Shutting down...
2025-08-22 09:49:29 | INFO | app.main | Starting AI Agent Prospecting Platform...
2025-08-22 09:49:29 | INFO | app.main | Database initialized
2025-08-22 09:51:11 | INFO | app.main | Shutting down...
2025-08-22 10:00:49 | INFO | app.main | Starting AI Agent Prospecting Platform...
2025-08-22 10:00:49 | INFO | app.main | Database initialized
2025-08-22 10:02:00 | INFO | app.main | Shutting down...
2025-08-22 10:02:06 | INFO | app.main | Starting AI Agent Prospecting Platform...
2025-08-22 10:02:06 | INFO | app.main | Database initialized
2025-08-22 10:03:21 | INFO | app.main | Shutting down...
2025-08-22 10:07:58 | INFO | app.main | Starting AI Agent Prospecting Platform...
2025-08-22 10:07:58 | INFO | app.main | Database initialized
2025-08-22 10:12:57 | INFO | app.main | Shutting down...
2025-08-22 10:17:00 | INFO | app.main | Starting AI Agent Prospecting Platform...
2025-08-22 10:17:00 | INFO | app.main | Database initialized
2025-08-22 10:17:17 | INFO | app.main | Shutting down...
2025-08-22 10:19:34 | INFO | app.main | Starting AI Agent Prospecting Platform...
2025-08-22 10:19:34 | INFO | app.main | Database initialized
2025-08-22 10:19:42 | INFO | app.main | Shutting down...
2025-08-22 10:19:48 | INFO | app.main | Starting AI Agent Prospecting Platform...
2025-08-22 10:19:48 | INFO | app.main | Database initialized
2025-08-22 10:23:51 | INFO | app.services.websocket_manager | Client disconnected from campaign None
2025-08-22 10:23:51 | INFO | app.main | Global WebSocket client disconnected
2025-08-22 10:24:02 | INFO | app.api.v1.endpoints.prospecting | Created campaign 1: melvin akou
2025-08-22 10:24:23 | INFO | app.services.crewai_service | Campaign 1 started successfully
2025-08-22 10:24:23 | INFO | app.services.crewai_service | Starting background execution for campaign 1
2025-08-22 10:24:30 | ERROR | app.services.crewai_service | Campaign 1 failed: litellm.AuthenticationError: AuthenticationError: OpenAIException - Incorrect API key provided: sk-place**lder. You can find your API key at https://platform.openai.com/account/api-keys.
2025-08-22 10:24:30 | ERROR | app.services.crewai_service | Traceback (most recent call last):
  File "/home/melvin-akou/Documents/claude/backend/venv/lib/python3.12/site-packages/litellm/llms/openai/openai.py", line 725, in completion
    raise e
  File "/home/melvin-akou/Documents/claude/backend/venv/lib/python3.12/site-packages/litellm/llms/openai/openai.py", line 653, in completion
    ) = self.make_sync_openai_chat_completion_request(
        ^^^^^^^^^^^^^^^^^^^^^^^^^^^^^^^^^^^^^^^^^^^^^^
  File "/home/melvin-akou/Documents/claude/backend/venv/lib/python3.12/site-packages/litellm/litellm_core_utils/logging_utils.py", line 149, in sync_wrapper
    result = func(*args, **kwargs)
             ^^^^^^^^^^^^^^^^^^^^^
  File "/home/melvin-akou/Documents/claude/backend/venv/lib/python3.12/site-packages/litellm/llms/openai/openai.py", line 471, in make_sync_openai_chat_completion_request
    raise e
  File "/home/melvin-akou/Documents/claude/backend/venv/lib/python3.12/site-packages/litellm/llms/openai/openai.py", line 453, in make_sync_openai_chat_completion_request
    raw_response = openai_client.chat.completions.with_raw_response.create(
                   ^^^^^^^^^^^^^^^^^^^^^^^^^^^^^^^^^^^^^^^^^^^^^^^^^^^^^^^^
  File "/home/melvin-akou/Documents/claude/backend/venv/lib/python3.12/site-packages/openai/_legacy_response.py", line 364, in wrapped
    return cast(LegacyAPIResponse[R], func(*args, **kwargs))
                                      ^^^^^^^^^^^^^^^^^^^^^
  File "/home/melvin-akou/Documents/claude/backend/venv/lib/python3.12/site-packages/openai/_utils/_utils.py", line 287, in wrapper
    return func(*args, **kwargs)
           ^^^^^^^^^^^^^^^^^^^^^
  File "/home/melvin-akou/Documents/claude/backend/venv/lib/python3.12/site-packages/openai/resources/chat/completions/completions.py", line 1150, in create
    return self._post(
           ^^^^^^^^^^^
  File "/home/melvin-akou/Documents/claude/backend/venv/lib/python3.12/site-packages/openai/_base_client.py", line 1259, in post
    return cast(ResponseT, self.request(cast_to, opts, stream=stream, stream_cls=stream_cls))
                           ^^^^^^^^^^^^^^^^^^^^^^^^^^^^^^^^^^^^^^^^^^^^^^^^^^^^^^^^^^^^^^^^^
  File "/home/melvin-akou/Documents/claude/backend/venv/lib/python3.12/site-packages/openai/_base_client.py", line 1047, in request
    raise self._make_status_error_from_response(err.response) from None
openai.AuthenticationError: Error code: 401 - {'error': {'message': 'Incorrect API key provided: sk-place**lder. You can find your API key at https://platform.openai.com/account/api-keys.', 'type': 'invalid_request_error', 'param': None, 'code': 'invalid_api_key'}}

During handling of the above exception, another exception occurred:

Traceback (most recent call last):
  File "/home/melvin-akou/Documents/claude/backend/venv/lib/python3.12/site-packages/litellm/main.py", line 1966, in completion
    raise e
  File "/home/melvin-akou/Documents/claude/backend/venv/lib/python3.12/site-packages/litellm/main.py", line 1939, in completion
    response = openai_chat_completions.completion(
               ^^^^^^^^^^^^^^^^^^^^^^^^^^^^^^^^^^^
  File "/home/melvin-akou/Documents/claude/backend/venv/lib/python3.12/site-packages/litellm/llms/openai/openai.py", line 736, in completion
    raise OpenAIError(
litellm.llms.openai.common_utils.OpenAIError: Error code: 401 - {'error': {'message': 'Incorrect API key provided: sk-place**lder. You can find your API key at https://platform.openai.com/account/api-keys.', 'type': 'invalid_request_error', 'param': None, 'code': 'invalid_api_key'}}

During handling of the above exception, another exception occurred:

Traceback (most recent call last):
  File "/home/melvin-akou/Documents/claude/backend/app/services/crewai_service.py", line 121, in _run_campaign_background
    result = await asyncio.get_event_loop().run_in_executor(
             ^^^^^^^^^^^^^^^^^^^^^^^^^^^^^^^^^^^^^^^^^^^^^^^
  File "/usr/lib/python3.12/concurrent/futures/thread.py", line 58, in run
    result = self.fn(*self.args, **self.kwargs)
             ^^^^^^^^^^^^^^^^^^^^^^^^^^^^^^^^^^
  File "/home/melvin-akou/Documents/claude/backend/src/ai_agent_crew/crew.py", line 156, in run_prospecting_campaign
    result = crew.kickoff(inputs=inputs)
             ^^^^^^^^^^^^^^^^^^^^^^^^^^^
  File "/home/melvin-akou/Documents/claude/backend/venv/lib/python3.12/site-packages/crewai/crew.py", line 661, in kickoff
    result = self._run_sequential_process()
             ^^^^^^^^^^^^^^^^^^^^^^^^^^^^^^
  File "/home/melvin-akou/Documents/claude/backend/venv/lib/python3.12/site-packages/crewai/crew.py", line 772, in _run_sequential_process
    return self._execute_tasks(self.tasks)
           ^^^^^^^^^^^^^^^^^^^^^^^^^^^^^^^
  File "/home/melvin-akou/Documents/claude/backend/venv/lib/python3.12/site-packages/crewai/crew.py", line 875, in _execute_tasks
    task_output = task.execute_sync(
                  ^^^^^^^^^^^^^^^^^^
  File "/home/melvin-akou/Documents/claude/backend/venv/lib/python3.12/site-packages/crewai/task.py", line 364, in execute_sync
    return self._execute_core(agent, context, tools)
           ^^^^^^^^^^^^^^^^^^^^^^^^^^^^^^^^^^^^^^^^^
  File "/home/melvin-akou/Documents/claude/backend/venv/lib/python3.12/site-packages/crewai/task.py", line 512, in _execute_core
    raise e  # Re-raise the exception after emitting the event
    ^^^^^^^
  File "/home/melvin-akou/Documents/claude/backend/venv/lib/python3.12/site-packages/crewai/task.py", line 428, in _execute_core
    result = agent.execute_task(
             ^^^^^^^^^^^^^^^^^^^
  File "/home/melvin-akou/Documents/claude/backend/venv/lib/python3.12/site-packages/crewai/agent.py", line 458, in execute_task
    raise e
  File "/home/melvin-akou/Documents/claude/backend/venv/lib/python3.12/site-packages/crewai/agent.py", line 434, in execute_task
    result = self._execute_without_timeout(task_prompt, task)
             ^^^^^^^^^^^^^^^^^^^^^^^^^^^^^^^^^^^^^^^^^^^^^^^^
  File "/home/melvin-akou/Documents/claude/backend/venv/lib/python3.12/site-packages/crewai/agent.py", line 530, in _execute_without_timeout
    return self.agent_executor.invoke(
           ^^^^^^^^^^^^^^^^^^^^^^^^^^^
  File "/home/melvin-akou/Documents/claude/backend/venv/lib/python3.12/site-packages/crewai/agents/crew_agent_executor.py", line 114, in invoke
    formatted_answer = self._invoke_loop()
                       ^^^^^^^^^^^^^^^^^^^
  File "/home/melvin-akou/Documents/claude/backend/venv/lib/python3.12/site-packages/crewai/agents/crew_agent_executor.py", line 208, in _invoke_loop
    raise e
  File "/home/melvin-akou/Documents/claude/backend/venv/lib/python3.12/site-packages/crewai/agents/crew_agent_executor.py", line 154, in _invoke_loop
    answer = get_llm_response(
             ^^^^^^^^^^^^^^^^^
  File "/home/melvin-akou/Documents/claude/backend/venv/lib/python3.12/site-packages/crewai/utilities/agent_utils.py", line 160, in get_llm_response
    raise e
  File "/home/melvin-akou/Documents/claude/backend/venv/lib/python3.12/site-packages/crewai/utilities/agent_utils.py", line 153, in get_llm_response
    answer = llm.call(
             ^^^^^^^^^
  File "/home/melvin-akou/Documents/claude/backend/venv/lib/python3.12/site-packages/crewai/llm.py", line 1019, in call
    return self._handle_non_streaming_response(
           ^^^^^^^^^^^^^^^^^^^^^^^^^^^^^^^^^^^^
  File "/home/melvin-akou/Documents/claude/backend/venv/lib/python3.12/site-packages/crewai/llm.py", line 813, in _handle_non_streaming_response
    response = litellm.completion(**params)
               ^^^^^^^^^^^^^^^^^^^^^^^^^^^^
  File "/home/melvin-akou/Documents/claude/backend/venv/lib/python3.12/site-packages/litellm/utils.py", line 1330, in wrapper
    raise e
  File "/home/melvin-akou/Documents/claude/backend/venv/lib/python3.12/site-packages/litellm/utils.py", line 1205, in wrapper
    result = original_function(*args, **kwargs)
             ^^^^^^^^^^^^^^^^^^^^^^^^^^^^^^^^^^
  File "/home/melvin-akou/Documents/claude/backend/venv/lib/python3.12/site-packages/litellm/main.py", line 3427, in completion
    raise exception_type(
          ^^^^^^^^^^^^^^^
  File "/home/melvin-akou/Documents/claude/backend/venv/lib/python3.12/site-packages/litellm/litellm_core_utils/exception_mapping_utils.py", line 2301, in exception_type
    raise e
  File "/home/melvin-akou/Documents/claude/backend/venv/lib/python3.12/site-packages/litellm/litellm_core_utils/exception_mapping_utils.py", line 456, in exception_type
    raise AuthenticationError(
litellm.exceptions.AuthenticationError: litellm.AuthenticationError: AuthenticationError: OpenAIException - Incorrect API key provided: sk-place**lder. You can find your API key at https://platform.openai.com/account/api-keys.

2025-08-22 10:25:50 | INFO | app.services.websocket_manager | Client disconnected from campaign None
2025-08-22 10:25:50 | INFO | app.main | Global WebSocket client disconnected
2025-08-22 10:25:51 | INFO | app.main | Shutting down...
2025-08-22 10:27:43 | INFO | app.main | Starting AI Agent Prospecting Platform...
2025-08-22 10:27:43 | INFO | app.main | Database initialized
2025-08-22 10:28:05 | INFO | app.api.v1.endpoints.prospecting | Created campaign 2: melvin akou
2025-08-22 10:28:11 | INFO | app.services.crewai_service | Campaign 2 started successfully
2025-08-22 10:28:11 | INFO | app.services.crewai_service | Starting background execution for campaign 2
2025-08-22 10:32:12 | INFO | app.services.prospect_parser | Extracted 1 prospects from CrewAI result
2025-08-22 10:32:12 | INFO | app.services.crewai_service | Processed 1 prospects for campaign 2
2025-08-22 10:32:12 | INFO | app.services.crewai_service | Campaign 2 completed successfully
2025-08-22 10:45:02 | INFO | app.services.websocket_manager | Client disconnected from campaign None
2025-08-22 10:45:02 | INFO | app.main | Global WebSocket client disconnected
2025-08-22 10:45:02 | INFO | app.services.websocket_manager | Client disconnected from campaign None
2025-08-22 10:45:02 | INFO | app.main | Global WebSocket client disconnected
2025-08-22 10:45:02 | INFO | app.main | Shutting down...
2025-08-22 10:45:07 | INFO | app.main | Starting AI Agent Prospecting Platform...
2025-08-22 10:45:07 | INFO | app.main | Database initialized
2025-08-22 10:49:07 | INFO | app.services.websocket_manager | Client disconnected from campaign None
2025-08-22 10:49:07 | INFO | app.main | Global WebSocket client disconnected
2025-08-22 10:50:11 | INFO | app.services.websocket_manager | Client disconnected from campaign None
2025-08-22 10:50:11 | INFO | app.main | Global WebSocket client disconnected
2025-08-22 10:50:11 | INFO | app.services.websocket_manager | Client disconnected from campaign None
2025-08-22 10:50:11 | INFO | app.main | Global WebSocket client disconnected
2025-08-22 10:53:42 | INFO | app.services.websocket_manager | Client disconnected from campaign None
2025-08-22 10:53:42 | INFO | app.main | Global WebSocket client disconnected
2025-08-22 10:53:42 | INFO | app.services.websocket_manager | Client disconnected from campaign None
2025-08-22 10:53:42 | INFO | app.main | Global WebSocket client disconnected
2025-08-22 10:53:42 | INFO | app.services.websocket_manager | Client disconnected from campaign None
2025-08-22 10:53:42 | INFO | app.main | Global WebSocket client disconnected
2025-08-22 10:56:30 | INFO | app.services.websocket_manager | Client disconnected from campaign None
2025-08-22 10:56:30 | INFO | app.main | Global WebSocket client disconnected
2025-08-22 10:57:31 | INFO | app.services.websocket_manager | Client disconnected from campaign None
2025-08-22 10:57:31 | INFO | app.main | Global WebSocket client disconnected
2025-08-22 11:04:36 | INFO | app.services.websocket_manager | Client disconnected from campaign None
2025-08-22 11:04:36 | INFO | app.main | Global WebSocket client disconnected
2025-08-22 11:04:36 | INFO | app.services.websocket_manager | Client disconnected from campaign None
2025-08-22 11:04:36 | INFO | app.main | Global WebSocket client disconnected
2025-08-22 11:04:36 | INFO | app.services.websocket_manager | Client disconnected from campaign None
2025-08-22 11:04:36 | INFO | app.main | Global WebSocket client disconnected
2025-08-22 11:04:36 | INFO | app.services.websocket_manager | Client disconnected from campaign None
2025-08-22 11:04:36 | INFO | app.main | Global WebSocket client disconnected
2025-08-22 11:04:36 | INFO | app.services.websocket_manager | Client disconnected from campaign None
2025-08-22 11:04:36 | INFO | app.main | Global WebSocket client disconnected
2025-08-22 11:04:36 | INFO | app.services.websocket_manager | Client disconnected from campaign None
2025-08-22 11:04:36 | INFO | app.main | Global WebSocket client disconnected
2025-08-22 11:04:36 | INFO | app.services.websocket_manager | Client disconnected from campaign None
2025-08-22 11:04:36 | INFO | app.main | Global WebSocket client disconnected
2025-08-22 11:04:36 | INFO | app.main | Shutting down...
2025-08-22 11:05:14 | INFO | app.main | Starting AI Agent Prospecting Platform...
2025-08-22 11:05:14 | INFO | app.main | Database initialized
2025-08-22 11:05:16 | INFO | app.services.websocket_manager | Client disconnected from campaign None
2025-08-22 11:05:16 | INFO | app.main | Global WebSocket client disconnected
2025-08-22 11:05:16 | INFO | app.services.websocket_manager | Client disconnected from campaign None
2025-08-22 11:05:16 | INFO | app.main | Global WebSocket client disconnected
2025-08-22 11:05:16 | INFO | app.services.websocket_manager | Client disconnected from campaign None
2025-08-22 11:05:16 | INFO | app.main | Global WebSocket client disconnected
2025-08-22 11:05:16 | INFO | app.services.websocket_manager | Client disconnected from campaign None
2025-08-22 11:05:16 | INFO | app.main | Global WebSocket client disconnected
2025-08-22 11:05:16 | INFO | app.services.websocket_manager | Client disconnected from campaign None
2025-08-22 11:05:16 | INFO | app.main | Global WebSocket client disconnected
2025-08-22 11:05:16 | INFO | app.services.websocket_manager | Client disconnected from campaign None
2025-08-22 11:05:16 | INFO | app.main | Global WebSocket client disconnected
2025-08-22 11:05:16 | INFO | app.services.websocket_manager | Client disconnected from campaign None
2025-08-22 11:05:16 | INFO | app.main | Global WebSocket client disconnected
2025-08-22 11:05:17 | INFO | app.main | Shutting down...
2025-08-22 11:05:28 | INFO | app.main | Starting AI Agent Prospecting Platform...
2025-08-22 11:05:28 | INFO | app.main | Database initialized
2025-08-22 11:05:33 | INFO | app.main | Starting AI Agent Prospecting Platform...
2025-08-22 11:05:33 | INFO | app.main | Database initialized
2025-08-22 11:05:37 | INFO | app.main | Starting AI Agent Prospecting Platform...
2025-08-22 11:05:37 | INFO | app.main | Database initialized
2025-08-22 11:06:22 | INFO | app.services.websocket_manager | Client disconnected from campaign None
2025-08-22 11:06:22 | INFO | app.main | Global WebSocket client disconnected
2025-08-22 11:06:22 | INFO | app.services.websocket_manager | Client disconnected from campaign None
2025-08-22 11:06:22 | INFO | app.main | Global WebSocket client disconnected
2025-08-22 11:06:22 | INFO | app.services.websocket_manager | Client disconnected from campaign None
2025-08-22 11:06:22 | INFO | app.main | Global WebSocket client disconnected
2025-08-22 11:06:22 | INFO | app.services.websocket_manager | Client disconnected from campaign None
2025-08-22 11:06:22 | INFO | app.main | Global WebSocket client disconnected
2025-08-22 11:06:22 | INFO | app.services.websocket_manager | Client disconnected from campaign None
2025-08-22 11:06:22 | INFO | app.main | Global WebSocket client disconnected
2025-08-22 11:06:22 | INFO | app.services.websocket_manager | Client disconnected from campaign None
2025-08-22 11:06:22 | INFO | app.main | Global WebSocket client disconnected
2025-08-22 11:06:22 | INFO | app.services.websocket_manager | Client disconnected from campaign None
2025-08-22 11:06:22 | INFO | app.main | Global WebSocket client disconnected
2025-08-22 11:06:22 | INFO | app.main | Shutting down...
2025-08-22 11:06:26 | INFO | app.main | Starting AI Agent Prospecting Platform...
2025-08-22 11:06:26 | INFO | app.main | Database initialized
2025-08-22 11:09:22 | INFO | app.services.websocket_manager | Client disconnected from campaign None
2025-08-22 11:09:22 | INFO | app.main | Global WebSocket client disconnected
2025-08-22 11:09:22 | INFO | app.services.websocket_manager | Client disconnected from campaign None
2025-08-22 11:09:22 | INFO | app.main | Global WebSocket client disconnected
2025-08-22 11:09:22 | INFO | app.services.websocket_manager | Client disconnected from campaign None
2025-08-22 11:09:22 | INFO | app.main | Global WebSocket client disconnected
2025-08-22 11:09:22 | INFO | app.services.websocket_manager | Client disconnected from campaign None
2025-08-22 11:09:22 | INFO | app.main | Global WebSocket client disconnected
2025-08-22 11:09:22 | INFO | app.services.websocket_manager | Client disconnected from campaign None
2025-08-22 11:09:22 | INFO | app.main | Global WebSocket client disconnected
2025-08-22 11:09:22 | INFO | app.services.websocket_manager | Client disconnected from campaign None
2025-08-22 11:09:22 | INFO | app.main | Global WebSocket client disconnected
2025-08-22 11:09:22 | INFO | app.services.websocket_manager | Client disconnected from campaign None
2025-08-22 11:09:22 | INFO | app.main | Global WebSocket client disconnected
2025-08-22 11:09:22 | INFO | app.main | Shutting down...
2025-08-22 11:09:27 | INFO | app.main | Starting AI Agent Prospecting Platform...
2025-08-22 11:09:27 | INFO | app.main | Database initialized
2025-08-22 11:09:33 | INFO | app.services.websocket_manager | Client disconnected from campaign None
2025-08-22 11:09:33 | INFO | app.main | Global WebSocket client disconnected
2025-08-22 11:12:40 | INFO | app.services.websocket_manager | Client disconnected from campaign None
2025-08-22 11:12:40 | INFO | app.main | Global WebSocket client disconnected
2025-08-22 11:12:41 | INFO | app.services.websocket_manager | Client disconnected from campaign None
2025-08-22 11:12:41 | INFO | app.main | Global WebSocket client disconnected
2025-08-22 11:14:49 | INFO | app.services.websocket_manager | Client disconnected from campaign None
2025-08-22 11:14:49 | INFO | app.main | Global WebSocket client disconnected
2025-08-22 11:14:49 | INFO | app.services.websocket_manager | Client disconnected from campaign None
2025-08-22 11:14:49 | INFO | app.main | Global WebSocket client disconnected
2025-08-22 11:14:53 | INFO | app.services.websocket_manager | Client disconnected from campaign None
2025-08-22 11:14:53 | INFO | app.main | Global WebSocket client disconnected
